
 /----------------------------------------------------------------------------\
 |  yosys -- Yosys Open SYnthesis Suite                                       |
 |  Copyright (C) 2012 - 2025  Claire Xenia Wolf <claire@yosyshq.com>         |
 |  Distributed under an ISC-like license, type "license" to see terms        |
 \----------------------------------------------------------------------------/
 Yosys 0.60+8 (git sha1 0e31e389f, clang++ 21.1.6 -fPIC -O3)

-- Executing script file `design_prep.ys' --

1. Executing RTLIL frontend.
Input filename: design.il

2. Executing SCC pass (detecting logic loops).
Found 0 SCCs in module simple_immediate_assert_statement.
Found 0 SCCs.

3. Executing SIMPLEMAP pass (map simple cells to gate primitives).

4. Executing MEMORY_NORDFF pass (extracting $dff cells from memories).

5. Executing ASYNC2SYNC pass.

6. Executing OPT_CLEAN pass (remove unused cells and wires).
Finding unused cells or wires in module \simple_immediate_assert_statement..
Removed 2 unused cells and 2 unused wires.
<suppressed ~3 debug messages>

7. Executing FORMALFF pass.

8. Executing OPT_CLEAN pass (remove unused cells and wires).
Finding unused cells or wires in module \simple_immediate_assert_statement..

9. Executing CHECK pass (checking for obvious problems).
Checking module simple_immediate_assert_statement...
Warning: Wire simple_immediate_assert_statement.$1 is used but has no driver.
Found and reported 1 problems.

10. Executing SETUNDEF pass (replace undef values with defined constants).

11. Executing OPT pass (performing simple optimizations).

11.1. Executing OPT_EXPR pass (perform const folding).
Optimizing module simple_immediate_assert_statement.

11.2. Executing OPT_MERGE pass (detect identical cells).
Finding identical cells in module `\simple_immediate_assert_statement'.
Removed a total of 0 cells.

11.3. Executing OPT_DFF pass (perform DFF optimizations).

11.4. Executing OPT_CLEAN pass (remove unused cells and wires).
Finding unused cells or wires in module \simple_immediate_assert_statement..
Removed 0 unused cells and 1 unused wires.
<suppressed ~1 debug messages>

11.5. Finished fast OPT passes.

12. Executing OPT_CLEAN pass (remove unused cells and wires).
Finding unused cells or wires in module \simple_immediate_assert_statement..
Removed 0 unused cells and 1 unused wires.
<suppressed ~1 debug messages>

13. Executing RTLIL backend.
Output filename: ../model/design_prep.il

Warnings: 1 unique messages, 1 total
End of script. Logfile hash: 8f9aa2346d, CPU: user 0.01s system 0.01s, MEM: 16.36 MB peak
Yosys 0.60+8 (git sha1 0e31e389f, clang++ 21.1.6 -fPIC -O3)
Time spent: 38% 4x opt_clean (0 sec), 16% 1x opt_expr (0 sec), ...
