
 /----------------------------------------------------------------------------\
 |  yosys -- Yosys Open SYnthesis Suite -- YosysHQ Edition [202512030840]     |
 |  Copyright (C) 2012 - 2025 YosysHQ GmbH                                    |
 |  For support, please contact support@yosyshq.com                           |
 \----------------------------------------------------------------------------/
 Yosys 0.60 (git sha1 5bafeb77d, clang++ 18.1.8 -fPIC -O3)

-- Executing script file `partition.ys' --

1. Executing RTLIL frontend.
Input filename: combined.il

2. Executing INSBUF pass (insert buffer cells for connected wires).
Add gate.simple_immediate_assert_statement/$auto$insbuf.cc:97:execute$9: 1'x -> $1

3. Executing EQY PARTITION task.

3.1. Processing module pair gold.simple_immediate_assert_statement / gate.simple_immediate_assert_statement.

3.1.1. Processing matched IDs for module simple_immediate_assert_statement.

3.1.2. Create fragment partitions for module simple_immediate_assert_statement.

Final list of fragment partitions:

3.1.3. Execute partitioning commands for module simple_immediate_assert_statement.

Amending partitions:
Execute queued amend rules.
Find automatic amend rules.

Assigning partition names:

Partition Summary:
  Fragments:
  Partitions:
  Fragment-Partition-Matrix:
          
          
  Legend for Fragment-Partition-Matrix:
      #  .... partition is this single fragment
      *  .... fragments merged into single partition
      +  .... fragments amended to the partition
      =  .... fragment is driving a partition input
      -  .... fragment is driving an amended fragment
      .  .... no relationship between fragment and partition
      ,  .... unused fragment index (as result of grouping)

3.1.4. Write partitions for module simple_immediate_assert_statement.
Adding non-output bit \dummy to partition 0.
Writing partition 0 as simple_immediate_assert_statement.
  partition pi bit 0: \dummy <-> \dummy

3.1.5. Executing RTLIL backend.
Output filename: modules/simple_immediate_assert_statement.il
<suppressed ~12 debug messages>

End of script. Logfile hash: 827b386d74, CPU: user 0.02s system 0.01s, MEM: 29.64 MB peak
Yosys 0.60 (git sha1 5bafeb77d, clang++ 18.1.8 -fPIC -O3)
Time spent: 54% 1x eqy_partition (0 sec), 24% 1x plugin (0 sec), ...
